<?xml version="1.0" encoding="UTF-8"?>
<testsuite name="com.example.JMindLinkApplicationTests" tests="1" skipped="0" failures="0" errors="0" timestamp="2025-12-11T13:25:07" hostname="HYOJIN-MACBOOKPRO.local" time="0.369">
  <properties/>
  <testcase name="contextLoads()" classname="com.example.JMindLinkApplicationTests" time="0.369"/>
  <system-out><![CDATA[22:25:05.983 [Test worker] INFO org.springframework.test.context.support.AnnotationConfigContextLoaderUtils -- Could not detect default configuration classes for test class [com.example.JMindLinkApplicationTests]: JMindLinkApplicationTests does not declare any static, non-private, non-final, nested classes annotated with @Configuration.
22:25:06.027 [Test worker] INFO org.springframework.boot.test.context.SpringBootTestContextBootstrapper -- Found @SpringBootConfiguration com.example.JMindLinkApplication for test class com.example.JMindLinkApplicationTests

  .   ____          _            __ _ _
 /\\ / ___'_ __ _ _(_)_ __  __ _ \ \ \ \
( ( )\___ | '_ | '_| | '_ \/ _` | \ \ \ \
 \\/  ___)| |_)| | | | | || (_| |  ) ) ) )
  '  |____| .__|_| |_|_| |_\__, | / / / /
 =========|_|==============|___/=/_/_/_/
 :: Spring Boot ::                (v3.2.5)

2025-12-11T22:25:06.192+09:00  INFO 32461 --- [    Test worker] com.example.JMindLinkApplicationTests    : Starting JMindLinkApplicationTests using Java 17.0.8 with PID 32461 (started by hyoreal51 in /Users/hyoreal51/projects/J-MindLink-1)
2025-12-11T22:25:06.193+09:00  INFO 32461 --- [    Test worker] com.example.JMindLinkApplicationTests    : No active profile set, falling back to 1 default profile: "default"
2025-12-11T22:25:06.469+09:00  INFO 32461 --- [    Test worker] .s.d.r.c.RepositoryConfigurationDelegate : Bootstrapping Spring Data JPA repositories in DEFAULT mode.
2025-12-11T22:25:06.477+09:00  INFO 32461 --- [    Test worker] .s.d.r.c.RepositoryConfigurationDelegate : Finished Spring Data repository scanning in 5 ms. Found 0 JPA repository interfaces.
2025-12-11T22:25:06.661+09:00  INFO 32461 --- [    Test worker] o.hibernate.jpa.internal.util.LogHelper  : HHH000204: Processing PersistenceUnitInfo [name: default]
2025-12-11T22:25:06.686+09:00  INFO 32461 --- [    Test worker] org.hibernate.Version                    : HHH000412: Hibernate ORM core version 6.4.4.Final
2025-12-11T22:25:06.700+09:00  INFO 32461 --- [    Test worker] o.h.c.internal.RegionFactoryInitiator    : HHH000026: Second-level cache disabled
2025-12-11T22:25:06.806+09:00  INFO 32461 --- [    Test worker] o.s.o.j.p.SpringPersistenceUnitInfo      : No LoadTimeWeaver setup: ignoring JPA class transformer
2025-12-11T22:25:06.821+09:00  INFO 32461 --- [    Test worker] com.zaxxer.hikari.HikariDataSource       : HikariPool-1 - Starting...
2025-12-11T22:25:06.902+09:00  INFO 32461 --- [    Test worker] com.zaxxer.hikari.pool.HikariPool        : HikariPool-1 - Added connection conn0: url=jdbc:h2:mem:jmindlink user=SA
2025-12-11T22:25:06.903+09:00  INFO 32461 --- [    Test worker] com.zaxxer.hikari.HikariDataSource       : HikariPool-1 - Start completed.
2025-12-11T22:25:07.077+09:00  INFO 32461 --- [    Test worker] o.h.e.t.j.p.i.JtaPlatformInitiator       : HHH000489: No JTA platform available (set 'hibernate.transaction.jta.platform' to enable JTA platform integration)
2025-12-11T22:25:07.079+09:00  INFO 32461 --- [    Test worker] j.LocalContainerEntityManagerFactoryBean : Initialized JPA EntityManagerFactory for persistence unit 'default'
2025-12-11T22:25:07.159+09:00  WARN 32461 --- [    Test worker] JpaBaseConfiguration$JpaWebConfiguration : spring.jpa.open-in-view is enabled by default. Therefore, database queries may be performed during view rendering. Explicitly configure spring.jpa.open-in-view to disable this warning
2025-12-11T22:25:07.339+09:00  INFO 32461 --- [    Test worker] o.s.b.a.h2.H2ConsoleAutoConfiguration    : H2 console available at '/h2-console'. Database available at 'jdbc:h2:mem:jmindlink'
2025-12-11T22:25:07.369+09:00  INFO 32461 --- [    Test worker] com.example.JMindLinkApplicationTests    : Started JMindLinkApplicationTests in 1.275 seconds (process running for 1.78)
]]></system-out>
  <system-err><![CDATA[]]></system-err>
</testsuite>
