<?xml version="1.0" encoding="UTF-8"?>
<testsuite name="com.example.JMindLinkApplicationTests" tests="1" skipped="0" failures="0" errors="0" timestamp="2025-12-11T13:40:22" hostname="HYOJIN-MACBOOKPRO.local" time="0.336">
  <properties/>
  <testcase name="contextLoads()" classname="com.example.JMindLinkApplicationTests" time="0.336"/>
  <system-out><![CDATA[22:40:19.372 [Test worker] INFO org.springframework.test.context.support.AnnotationConfigContextLoaderUtils -- Could not detect default configuration classes for test class [com.example.JMindLinkApplicationTests]: JMindLinkApplicationTests does not declare any static, non-private, non-final, nested classes annotated with @Configuration.
22:40:19.420 [Test worker] INFO org.springframework.boot.test.context.SpringBootTestContextBootstrapper -- Found @SpringBootConfiguration com.example.JMindLinkApplication for test class com.example.JMindLinkApplicationTests

  .   ____          _            __ _ _
 /\\ / ___'_ __ _ _(_)_ __  __ _ \ \ \ \
( ( )\___ | '_ | '_| | '_ \/ _` | \ \ \ \
 \\/  ___)| |_)| | | | | || (_| |  ) ) ) )
  '  |____| .__|_| |_|_| |_\__, | / / / /
 =========|_|==============|___/=/_/_/_/
 :: Spring Boot ::                (v3.2.5)

2025-12-11T22:40:19.597+09:00  INFO 35909 --- [    Test worker] com.example.JMindLinkApplicationTests    : Starting JMindLinkApplicationTests using Java 17.0.8 with PID 35909 (started by hyoreal51 in /Users/hyoreal51/projects/J-MindLink-1)
2025-12-11T22:40:19.598+09:00  INFO 35909 --- [    Test worker] com.example.JMindLinkApplicationTests    : No active profile set, falling back to 1 default profile: "default"
2025-12-11T22:40:19.960+09:00  INFO 35909 --- [    Test worker] .s.d.r.c.RepositoryConfigurationDelegate : Bootstrapping Spring Data JPA repositories in DEFAULT mode.
2025-12-11T22:40:19.991+09:00  INFO 35909 --- [    Test worker] .s.d.r.c.RepositoryConfigurationDelegate : Finished Spring Data repository scanning in 20 ms. Found 1 JPA repository interface.
2025-12-11T22:40:20.366+09:00  INFO 35909 --- [    Test worker] o.hibernate.jpa.internal.util.LogHelper  : HHH000204: Processing PersistenceUnitInfo [name: default]
2025-12-11T22:40:20.500+09:00  INFO 35909 --- [    Test worker] org.hibernate.Version                    : HHH000412: Hibernate ORM core version 6.4.4.Final
2025-12-11T22:40:20.556+09:00  INFO 35909 --- [    Test worker] o.h.c.internal.RegionFactoryInitiator    : HHH000026: Second-level cache disabled
2025-12-11T22:40:20.778+09:00  INFO 35909 --- [    Test worker] o.s.o.j.p.SpringPersistenceUnitInfo      : No LoadTimeWeaver setup: ignoring JPA class transformer
2025-12-11T22:40:20.814+09:00  INFO 35909 --- [    Test worker] com.zaxxer.hikari.HikariDataSource       : HikariPool-1 - Starting...
2025-12-11T22:40:20.942+09:00  INFO 35909 --- [    Test worker] com.zaxxer.hikari.pool.HikariPool        : HikariPool-1 - Added connection conn0: url=jdbc:h2:mem:jmindlink user=SA
2025-12-11T22:40:20.943+09:00  INFO 35909 --- [    Test worker] com.zaxxer.hikari.HikariDataSource       : HikariPool-1 - Start completed.
2025-12-11T22:40:21.577+09:00  INFO 35909 --- [    Test worker] o.h.e.t.j.p.i.JtaPlatformInitiator       : HHH000489: No JTA platform available (set 'hibernate.transaction.jta.platform' to enable JTA platform integration)
Hibernate: create table wiki_page (id bigint generated by default as identity, content clob not null, title varchar(255) not null, primary key (id))
Hibernate: alter table if exists wiki_page drop constraint if exists UK_4a4sc60nix77ogmyaqqmoc7ln
Hibernate: alter table if exists wiki_page add constraint UK_4a4sc60nix77ogmyaqqmoc7ln unique (title)
2025-12-11T22:40:21.615+09:00  INFO 35909 --- [    Test worker] j.LocalContainerEntityManagerFactoryBean : Initialized JPA EntityManagerFactory for persistence unit 'default'
2025-12-11T22:40:21.866+09:00  WARN 35909 --- [    Test worker] JpaBaseConfiguration$JpaWebConfiguration : spring.jpa.open-in-view is enabled by default. Therefore, database queries may be performed during view rendering. Explicitly configure spring.jpa.open-in-view to disable this warning
2025-12-11T22:40:22.074+09:00  INFO 35909 --- [    Test worker] o.s.b.a.h2.H2ConsoleAutoConfiguration    : H2 console available at '/h2-console'. Database available at 'jdbc:h2:mem:jmindlink'
2025-12-11T22:40:22.112+09:00  INFO 35909 --- [    Test worker] com.example.JMindLinkApplicationTests    : Started JMindLinkApplicationTests in 2.621 seconds (process running for 3.157)
]]></system-out>
  <system-err><![CDATA[]]></system-err>
</testsuite>
