<?xml version="1.0" encoding="UTF-8"?>
<testsuite name="com.example.domain.WikiPageRepositoryTest" tests="2" skipped="0" failures="0" errors="0" timestamp="2025-12-11T13:40:23" hostname="HYOJIN-MACBOOKPRO.local" time="0.059">
  <properties/>
  <testcase name="중복 타이틀 저장 시 예외" classname="com.example.domain.WikiPageRepositoryTest" time="0.016"/>
  <testcase name="위키 페이지 저장 후 조회" classname="com.example.domain.WikiPageRepositoryTest" time="0.042"/>
  <system-out><![CDATA[2025-12-11T22:40:23.076+09:00  INFO 35909 --- [    Test worker] t.c.s.AnnotationConfigContextLoaderUtils : Could not detect default configuration classes for test class [com.example.domain.WikiPageRepositoryTest]: WikiPageRepositoryTest does not declare any static, non-private, non-final, nested classes annotated with @Configuration.
2025-12-11T22:40:23.084+09:00  INFO 35909 --- [    Test worker] .b.t.c.SpringBootTestContextBootstrapper : Found @SpringBootConfiguration com.example.JMindLinkApplication for test class com.example.domain.WikiPageRepositoryTest

  .   ____          _            __ _ _
 /\\ / ___'_ __ _ _(_)_ __  __ _ \ \ \ \
( ( )\___ | '_ | '_| | '_ \/ _` | \ \ \ \
 \\/  ___)| |_)| | | | | || (_| |  ) ) ) )
  '  |____| .__|_| |_|_| |_\__, | / / / /
 =========|_|==============|___/=/_/_/_/
 :: Spring Boot ::                (v3.2.5)

2025-12-11T22:40:23.094+09:00  INFO 35909 --- [    Test worker] c.example.domain.WikiPageRepositoryTest  : Starting WikiPageRepositoryTest using Java 17.0.8 with PID 35909 (started by hyoreal51 in /Users/hyoreal51/projects/J-MindLink-1)
2025-12-11T22:40:23.094+09:00  INFO 35909 --- [    Test worker] c.example.domain.WikiPageRepositoryTest  : No active profile set, falling back to 1 default profile: "default"
2025-12-11T22:40:23.123+09:00  INFO 35909 --- [    Test worker] .s.d.r.c.RepositoryConfigurationDelegate : Bootstrapping Spring Data JPA repositories in DEFAULT mode.
2025-12-11T22:40:23.126+09:00  INFO 35909 --- [    Test worker] .s.d.r.c.RepositoryConfigurationDelegate : Finished Spring Data repository scanning in 3 ms. Found 1 JPA repository interface.
2025-12-11T22:40:23.131+09:00  INFO 35909 --- [    Test worker] beddedDataSourceBeanFactoryPostProcessor : Replacing 'dataSource' DataSource bean with embedded version
2025-12-11T22:40:23.140+09:00  INFO 35909 --- [    Test worker] o.s.j.d.e.EmbeddedDatabaseFactory        : Starting embedded database: url='jdbc:h2:mem:07825e45-1637-4862-b945-43d9ac4ac1c7;DB_CLOSE_DELAY=-1;DB_CLOSE_ON_EXIT=false', username='sa'
2025-12-11T22:40:23.147+09:00  INFO 35909 --- [    Test worker] o.hibernate.jpa.internal.util.LogHelper  : HHH000204: Processing PersistenceUnitInfo [name: default]
2025-12-11T22:40:23.149+09:00  INFO 35909 --- [    Test worker] o.h.c.internal.RegionFactoryInitiator    : HHH000026: Second-level cache disabled
2025-12-11T22:40:23.151+09:00  INFO 35909 --- [    Test worker] o.s.o.j.p.SpringPersistenceUnitInfo      : No LoadTimeWeaver setup: ignoring JPA class transformer
2025-12-11T22:40:23.165+09:00  INFO 35909 --- [    Test worker] o.h.e.t.j.p.i.JtaPlatformInitiator       : HHH000489: No JTA platform available (set 'hibernate.transaction.jta.platform' to enable JTA platform integration)
Hibernate: create table wiki_page (id bigint generated by default as identity, content clob not null, title varchar(255) not null, primary key (id))
Hibernate: alter table if exists wiki_page drop constraint if exists UK_4a4sc60nix77ogmyaqqmoc7ln
Hibernate: alter table if exists wiki_page add constraint UK_4a4sc60nix77ogmyaqqmoc7ln unique (title)
2025-12-11T22:40:23.167+09:00  INFO 35909 --- [    Test worker] j.LocalContainerEntityManagerFactoryBean : Initialized JPA EntityManagerFactory for persistence unit 'default'
2025-12-11T22:40:23.183+09:00  INFO 35909 --- [    Test worker] c.example.domain.WikiPageRepositoryTest  : Started WikiPageRepositoryTest in 0.097 seconds (process running for 4.229)
Hibernate: insert into wiki_page (content,title,id) values (?,?,default)
Hibernate: insert into wiki_page (content,title,id) values (?,?,default)
2025-12-11T22:40:23.196+09:00  WARN 35909 --- [    Test worker] o.h.engine.jdbc.spi.SqlExceptionHelper   : SQL Error: 23505, SQLState: 23505
2025-12-11T22:40:23.196+09:00 ERROR 35909 --- [    Test worker] o.h.engine.jdbc.spi.SqlExceptionHelper   : Unique index or primary key violation: "PUBLIC.UK_4A4SC60NIX77OGMYAQQMOC7LN_INDEX_3 ON PUBLIC.WIKI_PAGE(TITLE NULLS FIRST) VALUES ( /* 1 */ 'dup' )"; SQL statement:
insert into wiki_page (content,title,id) values (?,?,default) [23505-224]
Hibernate: insert into wiki_page (content,title,id) values (?,?,default)
]]></system-out>
  <system-err><![CDATA[]]></system-err>
</testsuite>
