<?xml version="1.0" encoding="UTF-8"?>
<testsuite name="com.example.api.WikiRestControllerTest" tests="3" skipped="0" failures="0" errors="0" timestamp="2025-12-11T13:40:22" hostname="HYOJIN-MACBOOKPRO.local" time="0.34">
  <properties/>
  <testcase name="위키 단건 조회 API - 본문 키워드 자동 링크" classname="com.example.api.WikiRestControllerTest" time="0.264"/>
  <testcase name="위키 목록 조회 API" classname="com.example.api.WikiRestControllerTest" time="0.03"/>
  <testcase name="위키 등록 API" classname="com.example.api.WikiRestControllerTest" time="0.045"/>
  <system-out><![CDATA[2025-12-11T22:40:22.463+09:00  INFO 35909 --- [    Test worker] t.c.s.AnnotationConfigContextLoaderUtils : Could not detect default configuration classes for test class [com.example.api.WikiRestControllerTest]: WikiRestControllerTest does not declare any static, non-private, non-final, nested classes annotated with @Configuration.
2025-12-11T22:40:22.469+09:00  INFO 35909 --- [    Test worker] .b.t.c.SpringBootTestContextBootstrapper : Found @SpringBootConfiguration com.example.JMindLinkApplication for test class com.example.api.WikiRestControllerTest

  .   ____          _            __ _ _
 /\\ / ___'_ __ _ _(_)_ __  __ _ \ \ \ \
( ( )\___ | '_ | '_| | '_ \/ _` | \ \ \ \
 \\/  ___)| |_)| | | | | || (_| |  ) ) ) )
  '  |____| .__|_| |_|_| |_\__, | / / / /
 =========|_|==============|___/=/_/_/_/
 :: Spring Boot ::                (v3.2.5)

2025-12-11T22:40:22.480+09:00  INFO 35909 --- [    Test worker] com.example.api.WikiRestControllerTest   : Starting WikiRestControllerTest using Java 17.0.8 with PID 35909 (started by hyoreal51 in /Users/hyoreal51/projects/J-MindLink-1)
2025-12-11T22:40:22.481+09:00  INFO 35909 --- [    Test worker] com.example.api.WikiRestControllerTest   : No active profile set, falling back to 1 default profile: "default"
2025-12-11T22:40:22.545+09:00  INFO 35909 --- [    Test worker] .s.d.r.c.RepositoryConfigurationDelegate : Bootstrapping Spring Data JPA repositories in DEFAULT mode.
2025-12-11T22:40:22.548+09:00  INFO 35909 --- [    Test worker] .s.d.r.c.RepositoryConfigurationDelegate : Finished Spring Data repository scanning in 3 ms. Found 1 JPA repository interface.
2025-12-11T22:40:22.593+09:00  INFO 35909 --- [    Test worker] o.hibernate.jpa.internal.util.LogHelper  : HHH000204: Processing PersistenceUnitInfo [name: default]
2025-12-11T22:40:22.594+09:00  INFO 35909 --- [    Test worker] o.h.c.internal.RegionFactoryInitiator    : HHH000026: Second-level cache disabled
2025-12-11T22:40:22.596+09:00  INFO 35909 --- [    Test worker] o.s.o.j.p.SpringPersistenceUnitInfo      : No LoadTimeWeaver setup: ignoring JPA class transformer
2025-12-11T22:40:22.596+09:00  INFO 35909 --- [    Test worker] com.zaxxer.hikari.HikariDataSource       : HikariPool-2 - Starting...
2025-12-11T22:40:22.597+09:00  INFO 35909 --- [    Test worker] com.zaxxer.hikari.pool.HikariPool        : HikariPool-2 - Added connection conn10: url=jdbc:h2:mem:jmindlink user=SA
2025-12-11T22:40:22.597+09:00  INFO 35909 --- [    Test worker] com.zaxxer.hikari.HikariDataSource       : HikariPool-2 - Start completed.
2025-12-11T22:40:22.613+09:00  INFO 35909 --- [    Test worker] o.h.e.t.j.p.i.JtaPlatformInitiator       : HHH000489: No JTA platform available (set 'hibernate.transaction.jta.platform' to enable JTA platform integration)
2025-12-11T22:40:22.616+09:00  INFO 35909 --- [    Test worker] j.LocalContainerEntityManagerFactoryBean : Initialized JPA EntityManagerFactory for persistence unit 'default'
2025-12-11T22:40:22.645+09:00  WARN 35909 --- [    Test worker] JpaBaseConfiguration$JpaWebConfiguration : spring.jpa.open-in-view is enabled by default. Therefore, database queries may be performed during view rendering. Explicitly configure spring.jpa.open-in-view to disable this warning
2025-12-11T22:40:22.684+09:00  INFO 35909 --- [    Test worker] o.s.b.a.h2.H2ConsoleAutoConfiguration    : H2 console available at '/h2-console'. Database available at 'jdbc:h2:mem:jmindlink'
2025-12-11T22:40:22.727+09:00  INFO 35909 --- [    Test worker] o.s.b.t.m.w.SpringBootMockServletContext : Initializing Spring TestDispatcherServlet ''
2025-12-11T22:40:22.727+09:00  INFO 35909 --- [    Test worker] o.s.t.web.servlet.TestDispatcherServlet  : Initializing Servlet ''
2025-12-11T22:40:22.728+09:00  INFO 35909 --- [    Test worker] o.s.t.web.servlet.TestDispatcherServlet  : Completed initialization in 1 ms
2025-12-11T22:40:22.733+09:00  INFO 35909 --- [    Test worker] com.example.api.WikiRestControllerTest   : Started WikiRestControllerTest in 0.261 seconds (process running for 3.778)
Hibernate: select wp1_0.id,wp1_0.content,wp1_0.title from wiki_page wp1_0
Hibernate: insert into wiki_page (content,title,id) values (?,?,default)
Hibernate: insert into wiki_page (content,title,id) values (?,?,default)
Hibernate: insert into wiki_page (content,title,id) values (?,?,default)
Hibernate: select wp1_0.id,wp1_0.content,wp1_0.title from wiki_page wp1_0 where wp1_0.id=?
Hibernate: select wp1_0.id,wp1_0.content,wp1_0.title from wiki_page wp1_0
Hibernate: select wp1_0.id,wp1_0.content,wp1_0.title from wiki_page wp1_0
Hibernate: delete from wiki_page where id=?
Hibernate: delete from wiki_page where id=?
Hibernate: delete from wiki_page where id=?
Hibernate: insert into wiki_page (content,title,id) values (?,?,default)
Hibernate: insert into wiki_page (content,title,id) values (?,?,default)
Hibernate: select wp1_0.id,wp1_0.content,wp1_0.title from wiki_page wp1_0
Hibernate: select wp1_0.id,wp1_0.content,wp1_0.title from wiki_page wp1_0
Hibernate: delete from wiki_page where id=?
Hibernate: delete from wiki_page where id=?
Hibernate: insert into wiki_page (content,title,id) values (?,?,default)
]]></system-out>
  <system-err><![CDATA[]]></system-err>
</testsuite>
